0 info it worked if it ends with ok
1 verbose cli [ 'C:\\Program Files\\nodejs\\node.exe',
1 verbose cli   'C:\\Program Files\\nodejs\\node_modules\\npm\\bin\\npm-cli.js',
1 verbose cli   'run',
1 verbose cli   'build' ]
2 info using npm@3.10.8
3 info using node@v6.9.1
4 verbose run-script [ 'prebuild', 'build', 'postbuild' ]
5 info lifecycle angular-learn@1.0.0~prebuild: angular-learn@1.0.0
6 verbose lifecycle angular-learn@1.0.0~prebuild: unsafe-perm in lifecycle true
7 verbose lifecycle angular-learn@1.0.0~prebuild: PATH: C:\Program Files\nodejs\node_modules\npm\bin\node-gyp-bin;D:\homotml&csstarcraft\AngularCoupons\node_modules\.bin;C:\ProgramData\Oracle\Java\javapath;C:\Program Files (x86)\NVIDIA Corporation\PhysX\Common;C:\Program Files (x86)\Intel\iCLS Client\;C:\Program Files\Intel\iCLS Client\;C:\Windows\system32;C:\Windows;C:\Windows\System32\Wbem;C:\Windows\System32\WindowsPowerShell\v1.0\;C:\Program Files\Intel\Intel(R) Management Engine Components\DAL;C:\Program Files\Intel\Intel(R) Management Engine Components\IPT;C:\Program Files (x86)\Intel\Intel(R) Management Engine Components\DAL;C:\Program Files (x86)\Intel\Intel(R) Management Engine Components\IPT;C:\Program Files (x86)\AMD\ATI.ACE\Core-Static;C:\Program Files\Intel\WiFi\bin\;C:\Program Files\Common Files\Intel\WirelessCommon\;C:\Program Files\nodejs\;C:\Program Files (x86)\Brackets\command;C:\Program Files (x86)\Skype\Phone\;C:\Program Files\Git\cmd;C:\Ruby22-x64\bin;C:\Program Files\Intel\WiFi\bin\;C:\Program Files\Common Files\Intel\WirelessCommon\;C:\Users\Dat Nigga Snowman\AppData\Local\atom\bin;C:\Users\Dat Nigga Snowman\AppData\Roaming\npm
8 verbose lifecycle angular-learn@1.0.0~prebuild: CWD: D:\homotml&csstarcraft\AngularCoupons
9 silly lifecycle angular-learn@1.0.0~prebuild: Args: [ '/d /s /c', 'rimraf public' ]
10 silly lifecycle angular-learn@1.0.0~prebuild: Returned: code: 0  signal: null
11 info lifecycle angular-learn@1.0.0~build: angular-learn@1.0.0
12 verbose lifecycle angular-learn@1.0.0~build: unsafe-perm in lifecycle true
13 verbose lifecycle angular-learn@1.0.0~build: PATH: C:\Program Files\nodejs\node_modules\npm\bin\node-gyp-bin;D:\homotml&csstarcraft\AngularCoupons\node_modules\.bin;C:\ProgramData\Oracle\Java\javapath;C:\Program Files (x86)\NVIDIA Corporation\PhysX\Common;C:\Program Files (x86)\Intel\iCLS Client\;C:\Program Files\Intel\iCLS Client\;C:\Windows\system32;C:\Windows;C:\Windows\System32\Wbem;C:\Windows\System32\WindowsPowerShell\v1.0\;C:\Program Files\Intel\Intel(R) Management Engine Components\DAL;C:\Program Files\Intel\Intel(R) Management Engine Components\IPT;C:\Program Files (x86)\Intel\Intel(R) Management Engine Components\DAL;C:\Program Files (x86)\Intel\Intel(R) Management Engine Components\IPT;C:\Program Files (x86)\AMD\ATI.ACE\Core-Static;C:\Program Files\Intel\WiFi\bin\;C:\Program Files\Common Files\Intel\WirelessCommon\;C:\Program Files\nodejs\;C:\Program Files (x86)\Brackets\command;C:\Program Files (x86)\Skype\Phone\;C:\Program Files\Git\cmd;C:\Ruby22-x64\bin;C:\Program Files\Intel\WiFi\bin\;C:\Program Files\Common Files\Intel\WirelessCommon\;C:\Users\Dat Nigga Snowman\AppData\Local\atom\bin;C:\Users\Dat Nigga Snowman\AppData\Roaming\npm
14 verbose lifecycle angular-learn@1.0.0~build: CWD: D:\homotml&csstarcraft\AngularCoupons
15 silly lifecycle angular-learn@1.0.0~build: Args: [ '/d /s /c', 'webpack --config devtools/webpack.config' ]
16 silly lifecycle angular-learn@1.0.0~build: Returned: code: 0  signal: null
17 info lifecycle angular-learn@1.0.0~postbuild: angular-learn@1.0.0
18 verbose lifecycle angular-learn@1.0.0~postbuild: unsafe-perm in lifecycle true
19 verbose lifecycle angular-learn@1.0.0~postbuild: PATH: C:\Program Files\nodejs\node_modules\npm\bin\node-gyp-bin;D:\homotml&csstarcraft\AngularCoupons\node_modules\.bin;C:\ProgramData\Oracle\Java\javapath;C:\Program Files (x86)\NVIDIA Corporation\PhysX\Common;C:\Program Files (x86)\Intel\iCLS Client\;C:\Program Files\Intel\iCLS Client\;C:\Windows\system32;C:\Windows;C:\Windows\System32\Wbem;C:\Windows\System32\WindowsPowerShell\v1.0\;C:\Program Files\Intel\Intel(R) Management Engine Components\DAL;C:\Program Files\Intel\Intel(R) Management Engine Components\IPT;C:\Program Files (x86)\Intel\Intel(R) Management Engine Components\DAL;C:\Program Files (x86)\Intel\Intel(R) Management Engine Components\IPT;C:\Program Files (x86)\AMD\ATI.ACE\Core-Static;C:\Program Files\Intel\WiFi\bin\;C:\Program Files\Common Files\Intel\WirelessCommon\;C:\Program Files\nodejs\;C:\Program Files (x86)\Brackets\command;C:\Program Files (x86)\Skype\Phone\;C:\Program Files\Git\cmd;C:\Ruby22-x64\bin;C:\Program Files\Intel\WiFi\bin\;C:\Program Files\Common Files\Intel\WirelessCommon\;C:\Users\Dat Nigga Snowman\AppData\Local\atom\bin;C:\Users\Dat Nigga Snowman\AppData\Roaming\npm
20 verbose lifecycle angular-learn@1.0.0~postbuild: CWD: D:\homotml&csstarcraft\AngularCoupons
21 silly lifecycle angular-learn@1.0.0~postbuild: Args: [ '/d /s /c',
21 silly lifecycle   'webpack-dev-server --config devtools/webpack.config' ]
22 silly lifecycle angular-learn@1.0.0~postbuild: Returned: code: 3221225786  signal: null
23 info lifecycle angular-learn@1.0.0~postbuild: Failed to exec postbuild script
24 verbose stack Error: angular-learn@1.0.0 postbuild: `webpack-dev-server --config devtools/webpack.config`
24 verbose stack Exit status 3221225786
24 verbose stack     at EventEmitter.<anonymous> (C:\Program Files\nodejs\node_modules\npm\lib\utils\lifecycle.js:255:16)
24 verbose stack     at emitTwo (events.js:106:13)
24 verbose stack     at EventEmitter.emit (events.js:191:7)
24 verbose stack     at ChildProcess.<anonymous> (C:\Program Files\nodejs\node_modules\npm\lib\utils\spawn.js:40:14)
24 verbose stack     at emitTwo (events.js:106:13)
24 verbose stack     at ChildProcess.emit (events.js:191:7)
24 verbose stack     at maybeClose (internal/child_process.js:877:16)
24 verbose stack     at Process.ChildProcess._handle.onexit (internal/child_process.js:226:5)
25 verbose pkgid angular-learn@1.0.0
26 verbose cwd D:\homotml&csstarcraft\AngularCoupons
27 error Windows_NT 6.3.9600
28 error argv "C:\\Program Files\\nodejs\\node.exe" "C:\\Program Files\\nodejs\\node_modules\\npm\\bin\\npm-cli.js" "run" "build"
29 error node v6.9.1
30 error npm  v3.10.8
31 error code ELIFECYCLE
32 error angular-learn@1.0.0 postbuild: `webpack-dev-server --config devtools/webpack.config`
32 error Exit status 3221225786
33 error Failed at the angular-learn@1.0.0 postbuild script 'webpack-dev-server --config devtools/webpack.config'.
33 error Make sure you have the latest version of node.js and npm installed.
33 error If you do, this is most likely a problem with the angular-learn package,
33 error not with npm itself.
33 error Tell the author that this fails on your system:
33 error     webpack-dev-server --config devtools/webpack.config
33 error You can get information on how to open an issue for this project with:
33 error     npm bugs angular-learn
33 error Or if that isn't available, you can get their info via:
33 error     npm owner ls angular-learn
33 error There is likely additional logging output above.
34 verbose exit [ 1, true ]
